<?xml version="1.0" encoding="UTF-8"?>
<testng-results ignored="0" total="1" passed="1" failed="0" skipped="0">
  <reporter-output>
  </reporter-output>
  <suite started-at="2025-06-18T11:19:10 ICT" name="Default suite" finished-at="2025-06-18T11:19:20 ICT" duration-ms="10216">
    <groups>
    </groups>
    <test started-at="2025-06-18T11:19:10 ICT" name="Default test" finished-at="2025-06-18T11:19:20 ICT" duration-ms="10216">
      <class name="UC01.search">
        <test-method is-config="true" signature="init()[pri:0, instance:UC01.search@1d119efb]" started-at="2025-06-18T11:19:10 ICT" name="init" finished-at="2025-06-18T11:19:20 ICT" duration-ms="9869" status="PASS">
          <reporter-output>
          </reporter-output>
        </test-method> <!-- init -->
        <test-method signature="TC_001()[pri:0, instance:UC01.search@1d119efb]" started-at="2025-06-18T11:19:20 ICT" name="TC_001" finished-at="2025-06-18T11:19:20 ICT" duration-ms="302" status="PASS">
          <reporter-output>
          </reporter-output>
        </test-method> <!-- TC_001 -->
        <test-method is-config="true" signature="tearDown()[pri:0, instance:UC01.search@1d119efb]" started-at="2025-06-18T11:19:20 ICT" name="tearDown" finished-at="2025-06-18T11:19:20 ICT" duration-ms="0" status="PASS">
          <reporter-output>
          </reporter-output>
        </test-method> <!-- tearDown -->
      </class> <!-- UC01.search -->
    </test> <!-- Default test -->
  </suite> <!-- Default suite -->
</testng-results>
